Build started 1/29/2013 5:29:35 PM.
     1>Project "C:\Users\mclaassen\Documents\Visual Studio 2010\Projects\GalaxySim3D\GalaxySim3D\GalaxySim3D.vcxproj" on node 2 (build target(s)).
     1>InitializeBuildStatus:
         Touching "Debug\GalaxySim3D.unsuccessfulbuild".
       ClCompile:
         All outputs are up-to-date.
         All outputs are up-to-date.
       ManifestResourceCompile:
         All outputs are up-to-date.
       Link:
         c:\Program Files (x86)\Microsoft Visual Studio 10.0\VC\bin\link.exe /ERRORREPORT:PROMPT /OUT:"C:\Users\mclaassen\Documents\Visual Studio 2010\Projects\GalaxySim3D\Debug\GalaxySim3D.exe" /INCREMENTAL /NOLOGO glew32.lib glut32.lib kernel32.lib user32.lib gdi32.lib winspool.lib comdlg32.lib advapi32.lib shell32.lib ole32.lib oleaut32.lib uuid.lib odbc32.lib odbccp32.lib kernel32.lib user32.lib gdi32.lib winspool.lib comdlg32.lib advapi32.lib shell32.lib ole32.lib oleaut32.lib uuid.lib odbc32.lib odbccp32.lib /MANIFEST /ManifestFile:"Debug\GalaxySim3D.exe.intermediate.manifest" /MANIFESTUAC:"level='asInvoker' uiAccess='false'" /DEBUG /PDB:"C:\Users\mclaassen\Documents\Visual Studio 2010\Projects\GalaxySim3D\Debug\GalaxySim3D.pdb" /SUBSYSTEM:CONSOLE /TLBID:1 /DYNAMICBASE /NXCOMPAT /IMPLIB:"C:\Users\mclaassen\Documents\Visual Studio 2010\Projects\GalaxySim3D\Debug\GalaxySim3D.lib" /MACHINE:X86 Debug\GalaxySim3D.exe.embed.manifest.res
         Debug\BHTree.obj
         Debug\Body.obj
         Debug\Button.obj
         Debug\Controls.obj
         Debug\FileOps.obj
         Debug\GalaxySim3D.obj
         Debug\Simulator.obj
         Debug\stdafx.obj /ENTRY:mainCRTStartup 
       Manifest:
         C:\Program Files (x86)\Microsoft SDKs\Windows\v7.0A\bin\mt.exe /nologo /verbose /out:"Debug\GalaxySim3D.exe.embed.manifest" /manifest Debug\GalaxySim3D.exe.intermediate.manifest
         C:\Program Files (x86)\Microsoft SDKs\Windows\v7.0A\bin\rc.exe /nologo /fo"Debug\GalaxySim3D.exe.embed.manifest.res" Debug\GalaxySim3D_manifest.rc 
       LinkEmbedManifest:
         c:\Program Files (x86)\Microsoft Visual Studio 10.0\VC\bin\link.exe /ERRORREPORT:PROMPT /OUT:"C:\Users\mclaassen\Documents\Visual Studio 2010\Projects\GalaxySim3D\Debug\GalaxySim3D.exe" /INCREMENTAL /NOLOGO glew32.lib glut32.lib kernel32.lib user32.lib gdi32.lib winspool.lib comdlg32.lib advapi32.lib shell32.lib ole32.lib oleaut32.lib uuid.lib odbc32.lib odbccp32.lib kernel32.lib user32.lib gdi32.lib winspool.lib comdlg32.lib advapi32.lib shell32.lib ole32.lib oleaut32.lib uuid.lib odbc32.lib odbccp32.lib /MANIFEST /ManifestFile:"Debug\GalaxySim3D.exe.intermediate.manifest" /MANIFESTUAC:"level='asInvoker' uiAccess='false'" /DEBUG /PDB:"C:\Users\mclaassen\Documents\Visual Studio 2010\Projects\GalaxySim3D\Debug\GalaxySim3D.pdb" /SUBSYSTEM:CONSOLE /TLBID:1 /DYNAMICBASE /NXCOMPAT /IMPLIB:"C:\Users\mclaassen\Documents\Visual Studio 2010\Projects\GalaxySim3D\Debug\GalaxySim3D.lib" /MACHINE:X86 Debug\GalaxySim3D.exe.embed.manifest.res
         Debug\BHTree.obj
         Debug\Body.obj
         Debug\Button.obj
         Debug\Controls.obj
         Debug\FileOps.obj
         Debug\GalaxySim3D.obj
         Debug\Simulator.obj
         Debug\stdafx.obj /ENTRY:mainCRTStartup 
         GalaxySim3D.vcxproj -> C:\Users\mclaassen\Documents\Visual Studio 2010\Projects\GalaxySim3D\Debug\GalaxySim3D.exe
       FinalizeBuildStatus:
         Deleting file "Debug\GalaxySim3D.unsuccessfulbuild".
         Touching "Debug\GalaxySim3D.lastbuildstate".
     1>Done Building Project "C:\Users\mclaassen\Documents\Visual Studio 2010\Projects\GalaxySim3D\GalaxySim3D\GalaxySim3D.vcxproj" (build target(s)).

Build succeeded.

Time Elapsed 00:00:02.29
